#
# There is insufficient memory for the Java Runtime Environment to continue.
# Native memory allocation (mmap) failed to map 371195904 bytes for G1 virtual space
# Possible reasons:
#   The system is out of physical RAM or swap space
#   The process is running with CompressedOops enabled, and the Java Heap may be blocking the growth of the native heap
# Possible solutions:
#   Reduce memory load on the system
#   Increase physical memory or swap space
#   Check if swap backing store is full
#   Decrease Java heap size (-Xmx/-Xms)
#   Decrease number of Java threads
#   Decrease Java thread stack sizes (-Xss)
#   Set larger code cache with -XX:ReservedCodeCacheSize=
#   JVM is running with Zero Based Compressed Oops mode in which the Java heap is
#     placed in the first 32GB address space. The Java Heap base address is the
#     maximum limit for the native heap growth. Please use -XX:HeapBaseMinAddress
#     to set the Java Heap base and to place the Java Heap above 32GB virtual address.
# This output file may be truncated or incomplete.
#
#  Out of Memory Error (os_windows.cpp:3469), pid=13588, tid=7728
#
# JRE version: Java(TM) SE Runtime Environment (17.0.1+12) (build 17.0.1+12-LTS-39)
# Java VM: Java HotSpot(TM) 64-Bit Server VM (17.0.1+12-LTS-39, mixed mode, sharing, tiered, compressed oops, compressed class ptrs, g1 gc, windows-amd64)
# No core dump will be written. Minidumps are not enabled by default on client versions of Windows
#

---------------  S U M M A R Y ------------

Command Line: -Dfile.encoding=Cp1252 -XX:+ShowCodeDetailsInExceptionMessages collection.SortElement_usingTreeSet

Host: Intel(R) Core(TM) i3-6006U CPU @ 2.00GHz, 4 cores, 11G,  Windows 10 , 64 bit Build 19041 (10.0.19041.3636)
Time: Tue Jul  2 10:11:47 2024 India Standard Time elapsed time: 15.583805 seconds (0d 0h 0m 15s)

---------------  T H R E A D  ---------------

Current thread (0x000001ffef687a20):  VMThread "VM Thread" [stack: 0x0000005c74a00000,0x0000005c74b00000] [id=7728]

Stack: [0x0000005c74a00000,0x0000005c74b00000]
Native frames: (J=compiled Java code, j=interpreted, Vv=VM code, C=native code)
V  [jvm.dll+0x66fa1a]
V  [jvm.dll+0x7ce5a4]
V  [jvm.dll+0x7cfd4e]
V  [jvm.dll+0x7d03b3]
V  [jvm.dll+0x242b05]
V  [jvm.dll+0x66ca39]
V  [jvm.dll+0x661502]
V  [jvm.dll+0x30081b]
V  [jvm.dll+0x307da6]
V  [jvm.dll+0x357a1e]
V  [jvm.dll+0x357c4f]
V  [jvm.dll+0x2d7ad8]
V  [jvm.dll+0x2d5da4]
V  [jvm.dll+0x2d53ac]
V  [jvm.dll+0x318d0b]
V  [jvm.dll+0x7d484b]
V  [jvm.dll+0x7d5584]
V  [jvm.dll+0x7d5a9c]
V  [jvm.dll+0x7d5e74]
V  [jvm.dll+0x7d5f40]
V  [jvm.dll+0x77e91a]
V  [jvm.dll+0x66e845]
C  [ucrtbase.dll+0x21bb2]
C  [KERNEL32.DLL+0x17344]
C  [ntdll.dll+0x4cc91]

VM_Operation (0x0000005c744ff040): G1CollectForAllocation, mode: safepoint, requested by thread 0x000001ffcf9239c0


---------------  P R O C E S S  ---------------

Threads class SMR info:
_java_thread_list=0x000001fff04da040, length=12, elements={
0x000001ffcf9239c0, 0x000001ffef68d590, 0x000001ffef68efb0, 0x000001ffef6a68b0,
0x000001ffef6aa190, 0x000001ffef6aaa50, 0x000001ffef6ab310, 0x000001ffef6abf00,
0x000001ffef7172f0, 0x000001ffef71bfc0, 0x000001fff01b3300, 0x000001fff01bdaa0
}

Java Threads: ( => current thread )
  0x000001ffcf9239c0 JavaThread "main" [_thread_blocked, id=10048, stack(0x0000005c74400000,0x0000005c74500000)]
  0x000001ffef68d590 JavaThread "Reference Handler" daemon [_thread_blocked, id=7492, stack(0x0000005c74b00000,0x0000005c74c00000)]
  0x000001ffef68efb0 JavaThread "Finalizer" daemon [_thread_blocked, id=6148, stack(0x0000005c74c00000,0x0000005c74d00000)]
  0x000001ffef6a68b0 JavaThread "Signal Dispatcher" daemon [_thread_blocked, id=7872, stack(0x0000005c74d00000,0x0000005c74e00000)]
  0x000001ffef6aa190 JavaThread "Attach Listener" daemon [_thread_blocked, id=4316, stack(0x0000005c74e00000,0x0000005c74f00000)]
  0x000001ffef6aaa50 JavaThread "Service Thread" daemon [_thread_blocked, id=2156, stack(0x0000005c74f00000,0x0000005c75000000)]
  0x000001ffef6ab310 JavaThread "Monitor Deflation Thread" daemon [_thread_blocked, id=2720, stack(0x0000005c75000000,0x0000005c75100000)]
  0x000001ffef6abf00 JavaThread "C2 CompilerThread0" daemon [_thread_blocked, id=18296, stack(0x0000005c75100000,0x0000005c75200000)]
  0x000001ffef7172f0 JavaThread "C1 CompilerThread0" daemon [_thread_blocked, id=11548, stack(0x0000005c75200000,0x0000005c75300000)]
  0x000001ffef71bfc0 JavaThread "Sweeper thread" daemon [_thread_blocked, id=5480, stack(0x0000005c75300000,0x0000005c75400000)]
  0x000001fff01b3300 JavaThread "Notification Thread" daemon [_thread_blocked, id=17316, stack(0x0000005c75400000,0x0000005c75500000)]
  0x000001fff01bdaa0 JavaThread "Common-Cleaner" daemon [_thread_blocked, id=1912, stack(0x0000005c75600000,0x0000005c75700000)]

Other Threads:
=>0x000001ffef687a20 VMThread "VM Thread" [stack: 0x0000005c74a00000,0x0000005c74b00000] [id=7728]
  0x000001fff01b77f0 WatcherThread [stack: 0x0000005c75500000,0x0000005c75600000] [id=8100]
  0x000001ffcf965d00 GCTaskThread "GC Thread#0" [stack: 0x0000005c74500000,0x0000005c74600000] [id=8296]
  0x000001fff025fa40 GCTaskThread "GC Thread#1" [stack: 0x0000005c75800000,0x0000005c75900000] [id=8896]
  0x000001fff025fcf0 GCTaskThread "GC Thread#2" [stack: 0x0000005c75900000,0x0000005c75a00000] [id=3452]
  0x000001fff025ffa0 GCTaskThread "GC Thread#3" [stack: 0x0000005c75a00000,0x0000005c75b00000] [id=11712]
  0x000001ffcf973960 ConcurrentGCThread "G1 Main Marker" [stack: 0x0000005c74600000,0x0000005c74700000] [id=16444]
  0x000001ffcf974b60 ConcurrentGCThread "G1 Conc#0" [stack: 0x0000005c74700000,0x0000005c74800000] [id=16264]
  0x000001ffcf9f7e80 ConcurrentGCThread "G1 Refine#0" [stack: 0x0000005c74800000,0x0000005c74900000] [id=3568]
  0x000001fff0260250 ConcurrentGCThread "G1 Refine#1" [stack: 0x0000005c75b00000,0x0000005c75c00000] [id=8240]
  0x000001fff02a67c0 ConcurrentGCThread "G1 Refine#2" [stack: 0x0000005c75c00000,0x0000005c75d00000] [id=6116]
  0x000001fff02a0ae0 ConcurrentGCThread "G1 Refine#3" [stack: 0x0000005c75d00000,0x0000005c75e00000] [id=17916]
  0x000001ffef5511e0 ConcurrentGCThread "G1 Service" [stack: 0x0000005c74900000,0x0000005c74a00000] [id=10720]

Threads with active compile tasks:

VM state: at safepoint (normal execution)

VM Mutex/Monitor currently owned by a thread:  ([mutex/lock_event])
[0x000001ffcf91f450] Threads_lock - owner thread: 0x000001ffef687a20
[0x000001ffcf91db00] Heap_lock - owner thread: 0x000001ffcf9239c0

Heap address: 0x0000000742000000, size: 3040 MB, Compressed Oops mode: Zero based, Oop shift amount: 3

CDS archive(s) mapped at: [0x0000000800000000-0x0000000800bc0000-0x0000000800bc0000), size 12320768, SharedBaseAddress: 0x0000000800000000, ArchiveRelocationMode: 0.
Compressed class space mapped at: 0x0000000800c00000-0x0000000840c00000, reserved size: 1073741824
Narrow klass base: 0x0000000800000000, Narrow klass shift: 0, Narrow klass range: 0x100000000

GC Precious Log:
 CPUs: 4 total, 4 available
 Memory: 12153M
 Large Page Support: Disabled
 NUMA Support: Disabled
 Compressed Oops: Enabled (Zero based)
 Heap Region Size: 2M
 Heap Min Capacity: 8M
 Heap Initial Capacity: 190M
 Heap Max Capacity: 3040M
 Pre-touch: Disabled
 Parallel Workers: 4
 Concurrent Workers: 1
 Concurrent Refinement Workers: 4
 Periodic GC: Disabled

Heap:
 garbage-first heap   total 362496K, used 127993K [0x0000000742000000, 0x0000000800000000)
  region size 2048K, 2 young (4096K), 2 survivors (4096K)
 Metaspace       used 152K, committed 384K, reserved 1056768K
  class space    used 3K, committed 128K, reserved 1048576K

Heap Regions: E=young(eden), S=young(survivor), O=old, HS=humongous(starts), HC=humongous(continues), CS=collection set, F=free, OA=open archive, CA=closed archive, TAMS=top-at-mark-start (previous, next)
|   0|0x0000000742000000, 0x0000000742200000, 0x0000000742200000|100%| O|  |TAMS 0x0000000742000000, 0x0000000742000000| Untracked 
|   1|0x0000000742200000, 0x0000000742400000, 0x0000000742400000|100%| O|  |TAMS 0x0000000742200000, 0x0000000742200000| Untracked 
|   2|0x0000000742400000, 0x0000000742600000, 0x0000000742600000|100%| O|  |TAMS 0x0000000742400000, 0x0000000742400000| Untracked 
|   3|0x0000000742600000, 0x0000000742800000, 0x0000000742800000|100%| O|  |TAMS 0x0000000742600000, 0x0000000742600000| Untracked 
|   4|0x0000000742800000, 0x0000000742a00000, 0x0000000742a00000|100%| O|  |TAMS 0x0000000742800000, 0x0000000742800000| Untracked 
|   5|0x0000000742a00000, 0x0000000742c00000, 0x0000000742c00000|100%| O|  |TAMS 0x0000000742a00000, 0x0000000742a00000| Untracked 
|   6|0x0000000742c00000, 0x0000000742e00000, 0x0000000742e00000|100%| O|  |TAMS 0x0000000742c00000, 0x0000000742c00000| Untracked 
|   7|0x0000000742e00000, 0x0000000743000000, 0x0000000743000000|100%| O|  |TAMS 0x0000000742e00000, 0x0000000742e00000| Untracked 
|   8|0x0000000743000000, 0x0000000743200000, 0x0000000743200000|100%| O|  |TAMS 0x0000000743000000, 0x0000000743000000| Untracked 
|   9|0x0000000743200000, 0x0000000743400000, 0x0000000743400000|100%| O|  |TAMS 0x0000000743200000, 0x0000000743200000| Untracked 
|  10|0x0000000743400000, 0x0000000743600000, 0x0000000743600000|100%| O|  |TAMS 0x0000000743400000, 0x0000000743400000| Untracked 
|  11|0x0000000743600000, 0x0000000743800000, 0x0000000743800000|100%| O|  |TAMS 0x0000000743600000, 0x0000000743600000| Untracked 
|  12|0x0000000743800000, 0x0000000743a00000, 0x0000000743a00000|100%| O|  |TAMS 0x0000000743800000, 0x0000000743800000| Untracked 
|  13|0x0000000743a00000, 0x0000000743c00000, 0x0000000743c00000|100%| O|  |TAMS 0x0000000743a00000, 0x0000000743a00000| Untracked 
|  14|0x0000000743c00000, 0x0000000743e00000, 0x0000000743e00000|100%| O|  |TAMS 0x0000000743c00000, 0x0000000743c00000| Untracked 
|  15|0x0000000743e00000, 0x0000000744000000, 0x0000000744000000|100%| O|  |TAMS 0x0000000743e00000, 0x0000000743e00000| Untracked 
|  16|0x0000000744000000, 0x0000000744200000, 0x0000000744200000|100%| O|  |TAMS 0x0000000744000000, 0x0000000744000000| Untracked 
|  17|0x0000000744200000, 0x0000000744400000, 0x0000000744400000|100%| O|  |TAMS 0x0000000744200000, 0x0000000744200000| Untracked 
|  18|0x0000000744400000, 0x0000000744600000, 0x0000000744600000|100%| O|  |TAMS 0x0000000744400000, 0x0000000744400000| Untracked 
|  19|0x0000000744600000, 0x0000000744800000, 0x0000000744800000|100%| O|  |TAMS 0x0000000744600000, 0x0000000744600000| Untracked 
|  20|0x0000000744800000, 0x0000000744a00000, 0x0000000744a00000|100%| O|  |TAMS 0x0000000744800000, 0x0000000744800000| Untracked 
|  21|0x0000000744a00000, 0x0000000744c00000, 0x0000000744c00000|100%| O|  |TAMS 0x0000000744a00000, 0x0000000744a00000| Untracked 
|  22|0x0000000744c00000, 0x0000000744e00000, 0x0000000744e00000|100%| O|  |TAMS 0x0000000744c00000, 0x0000000744c00000| Untracked 
|  23|0x0000000744e00000, 0x0000000745000000, 0x0000000745000000|100%| O|  |TAMS 0x0000000744e00000, 0x0000000744e00000| Untracked 
|  24|0x0000000745000000, 0x0000000745200000, 0x0000000745200000|100%| O|  |TAMS 0x0000000745000000, 0x0000000745000000| Untracked 
|  25|0x0000000745200000, 0x0000000745400000, 0x0000000745400000|100%| O|  |TAMS 0x0000000745200000, 0x0000000745200000| Untracked 
|  26|0x0000000745400000, 0x0000000745600000, 0x0000000745600000|100%| O|  |TAMS 0x0000000745400000, 0x0000000745400000| Untracked 
|  27|0x0000000745600000, 0x0000000745800000, 0x0000000745800000|100%| O|  |TAMS 0x0000000745600000, 0x0000000745600000| Untracked 
|  28|0x0000000745800000, 0x0000000745a00000, 0x0000000745a00000|100%| O|  |TAMS 0x0000000745800000, 0x0000000745800000| Untracked 
|  29|0x0000000745a00000, 0x0000000745c00000, 0x0000000745c00000|100%| O|  |TAMS 0x0000000745a00000, 0x0000000745a00000| Untracked 
|  30|0x0000000745c00000, 0x0000000745e00000, 0x0000000745e00000|100%| O|  |TAMS 0x0000000745c00000, 0x0000000745c00000| Untracked 
|  31|0x0000000745e00000, 0x0000000746000000, 0x0000000746000000|100%| O|  |TAMS 0x0000000745e00000, 0x0000000745e00000| Untracked 
|  32|0x0000000746000000, 0x0000000746200000, 0x0000000746200000|100%| O|  |TAMS 0x0000000746000000, 0x0000000746000000| Untracked 
|  33|0x0000000746200000, 0x0000000746400000, 0x0000000746400000|100%| O|  |TAMS 0x0000000746200000, 0x0000000746200000| Untracked 
|  34|0x0000000746400000, 0x0000000746600000, 0x0000000746600000|100%| O|  |TAMS 0x0000000746400000, 0x0000000746400000| Untracked 
|  35|0x0000000746600000, 0x0000000746800000, 0x0000000746800000|100%| O|  |TAMS 0x0000000746600000, 0x0000000746600000| Untracked 
|  36|0x0000000746800000, 0x0000000746a00000, 0x0000000746a00000|100%| O|  |TAMS 0x0000000746800000, 0x0000000746800000| Untracked 
|  37|0x0000000746a00000, 0x0000000746c00000, 0x0000000746c00000|100%| O|  |TAMS 0x0000000746a00000, 0x0000000746a00000| Untracked 
|  38|0x0000000746c00000, 0x0000000746e00000, 0x0000000746e00000|100%| O|  |TAMS 0x0000000746c00000, 0x0000000746c00000| Untracked 
|  39|0x0000000746e00000, 0x0000000747000000, 0x0000000747000000|100%| O|  |TAMS 0x0000000746e00000, 0x0000000746e00000| Untracked 
|  40|0x0000000747000000, 0x0000000747200000, 0x0000000747200000|100%| O|  |TAMS 0x0000000747000000, 0x0000000747000000| Untracked 
|  41|0x0000000747200000, 0x0000000747400000, 0x0000000747400000|100%| O|  |TAMS 0x0000000747200000, 0x0000000747200000| Untracked 
|  42|0x0000000747400000, 0x0000000747600000, 0x0000000747600000|100%| O|  |TAMS 0x0000000747400000, 0x0000000747400000| Untracked 
|  43|0x0000000747600000, 0x0000000747800000, 0x0000000747800000|100%| O|  |TAMS 0x0000000747600000, 0x0000000747600000| Untracked 
|  44|0x0000000747800000, 0x0000000747a00000, 0x0000000747a00000|100%| O|  |TAMS 0x0000000747800000, 0x0000000747800000| Untracked 
|  45|0x0000000747a00000, 0x0000000747c00000, 0x0000000747c00000|100%| O|  |TAMS 0x0000000747a00000, 0x0000000747a00000| Untracked 
|  46|0x0000000747c00000, 0x0000000747e00000, 0x0000000747e00000|100%| O|  |TAMS 0x0000000747c00000, 0x0000000747c00000| Untracked 
|  47|0x0000000747e00000, 0x0000000748000000, 0x0000000748000000|100%| O|  |TAMS 0x0000000747e00000, 0x0000000747e00000| Untracked 
|  48|0x0000000748000000, 0x0000000748200000, 0x0000000748200000|100%| O|  |TAMS 0x0000000748000000, 0x0000000748000000| Untracked 
|  49|0x0000000748200000, 0x0000000748400000, 0x0000000748400000|100%| O|  |TAMS 0x0000000748200000, 0x0000000748200000| Untracked 
|  50|0x0000000748400000, 0x0000000748600000, 0x0000000748600000|100%| O|  |TAMS 0x0000000748400000, 0x0000000748400000| Untracked 
|  51|0x0000000748600000, 0x0000000748800000, 0x0000000748800000|100%| O|  |TAMS 0x0000000748600000, 0x0000000748600000| Untracked 
|  52|0x0000000748800000, 0x0000000748a00000, 0x0000000748a00000|100%| O|  |TAMS 0x0000000748800000, 0x0000000748800000| Untracked 
|  53|0x0000000748a00000, 0x0000000748c00000, 0x0000000748c00000|100%| O|  |TAMS 0x0000000748a00000, 0x0000000748a00000| Untracked 
|  54|0x0000000748c00000, 0x0000000748e00000, 0x0000000748e00000|100%| O|  |TAMS 0x0000000748c00000, 0x0000000748c00000| Untracked 
|  55|0x0000000748e00000, 0x0000000749000000, 0x0000000749000000|100%| O|  |TAMS 0x0000000748e00000, 0x0000000748e00000| Untracked 
|  56|0x0000000749000000, 0x0000000749200000, 0x0000000749200000|100%| O|  |TAMS 0x0000000749000000, 0x0000000749000000| Untracked 
|  57|0x0000000749200000, 0x0000000749400000, 0x0000000749400000|100%| O|  |TAMS 0x0000000749200000, 0x0000000749200000| Untracked 
|  58|0x0000000749400000, 0x0000000749600000, 0x0000000749600000|100%| O|  |TAMS 0x0000000749400000, 0x0000000749400000| Untracked 
|  59|0x0000000749600000, 0x0000000749800000, 0x0000000749800000|100%| O|  |TAMS 0x0000000749600000, 0x0000000749600000| Untracked 
|  60|0x0000000749800000, 0x00000007498fe400, 0x0000000749a00000| 49%| O|  |TAMS 0x0000000749800000, 0x0000000749800000| Untracked 
|  61|0x0000000749a00000, 0x0000000749a00000, 0x0000000749c00000|  0%| F|  |TAMS 0x0000000749a00000, 0x0000000749a00000| Untracked 
|  62|0x0000000749c00000, 0x0000000749c00000, 0x0000000749e00000|  0%| F|  |TAMS 0x0000000749c00000, 0x0000000749c00000| Untracked 
|  63|0x0000000749e00000, 0x0000000749e00000, 0x000000074a000000|  0%| F|  |TAMS 0x0000000749e00000, 0x0000000749e00000| Untracked 
|  64|0x000000074a000000, 0x000000074a000000, 0x000000074a200000|  0%| F|  |TAMS 0x000000074a000000, 0x000000074a000000| Untracked 
|  65|0x000000074a200000, 0x000000074a200000, 0x000000074a400000|  0%| F|  |TAMS 0x000000074a200000, 0x000000074a200000| Untracked 
|  66|0x000000074a400000, 0x000000074a400000, 0x000000074a600000|  0%| F|  |TAMS 0x000000074a400000, 0x000000074a400000| Untracked 
|  67|0x000000074a600000, 0x000000074a600000, 0x000000074a800000|  0%| F|  |TAMS 0x000000074a600000, 0x000000074a600000| Untracked 
|  68|0x000000074a800000, 0x000000074a800000, 0x000000074aa00000|  0%| F|  |TAMS 0x000000074a800000, 0x000000074a800000| Untracked 
|  69|0x000000074aa00000, 0x000000074aa00000, 0x000000074ac00000|  0%| F|  |TAMS 0x000000074aa00000, 0x000000074aa00000| Untracked 
|  70|0x000000074ac00000, 0x000000074ac00000, 0x000000074ae00000|  0%| F|  |TAMS 0x000000074ac00000, 0x000000074ac00000| Untracked 
|  71|0x000000074ae00000, 0x000000074ae00000, 0x000000074b000000|  0%| F|  |TAMS 0x000000074ae00000, 0x000000074ae00000| Untracked 
|  72|0x000000074b000000, 0x000000074b000000, 0x000000074b200000|  0%| F|  |TAMS 0x000000074b000000, 0x000000074b000000| Untracked 
|  73|0x000000074b200000, 0x000000074b200000, 0x000000074b400000|  0%| F|  |TAMS 0x000000074b200000, 0x000000074b200000| Untracked 
|  74|0x000000074b400000, 0x000000074b400000, 0x000000074b600000|  0%| F|  |TAMS 0x000000074b400000, 0x000000074b400000| Untracked 
|  75|0x000000074b600000, 0x000000074b600000, 0x000000074b800000|  0%| F|  |TAMS 0x000000074b600000, 0x000000074b600000| Untracked 
|  76|0x000000074b800000, 0x000000074b800000, 0x000000074ba00000|  0%| F|  |TAMS 0x000000074b800000, 0x000000074b800000| Untracked 
|  77|0x000000074ba00000, 0x000000074ba00000, 0x000000074bc00000|  0%| F|  |TAMS 0x000000074ba00000, 0x000000074ba00000| Untracked 
|  78|0x000000074bc00000, 0x000000074bc00000, 0x000000074be00000|  0%| F|  |TAMS 0x000000074bc00000, 0x000000074bc00000| Untracked 
|  79|0x000000074be00000, 0x000000074be00000, 0x000000074c000000|  0%| F|  |TAMS 0x000000074be00000, 0x000000074be00000| Untracked 
|  80|0x000000074c000000, 0x000000074c000000, 0x000000074c200000|  0%| F|  |TAMS 0x000000074c000000, 0x000000074c000000| Untracked 
|  81|0x000000074c200000, 0x000000074c200000, 0x000000074c400000|  0%| F|  |TAMS 0x000000074c200000, 0x000000074c200000| Untracked 
|  82|0x000000074c400000, 0x000000074c400000, 0x000000074c600000|  0%| F|  |TAMS 0x000000074c400000, 0x000000074c400000| Untracked 
|  83|0x000000074c600000, 0x000000074c600000, 0x000000074c800000|  0%| F|  |TAMS 0x000000074c600000, 0x000000074c600000| Untracked 
|  84|0x000000074c800000, 0x000000074c800000, 0x000000074ca00000|  0%| F|  |TAMS 0x000000074c800000, 0x000000074c800000| Untracked 
|  85|0x000000074ca00000, 0x000000074ca00000, 0x000000074cc00000|  0%| F|  |TAMS 0x000000074ca00000, 0x000000074ca00000| Untracked 
|  86|0x000000074cc00000, 0x000000074cc00000, 0x000000074ce00000|  0%| F|  |TAMS 0x000000074cc00000, 0x000000074cc00000| Untracked 
|  87|0x000000074ce00000, 0x000000074ce00000, 0x000000074d000000|  0%| F|  |TAMS 0x000000074ce00000, 0x000000074ce00000| Untracked 
|  88|0x000000074d000000, 0x000000074d000000, 0x000000074d200000|  0%| F|  |TAMS 0x000000074d000000, 0x000000074d000000| Untracked 
|  89|0x000000074d200000, 0x000000074d200000, 0x000000074d400000|  0%| F|  |TAMS 0x000000074d200000, 0x000000074d200000| Untracked 
|  90|0x000000074d400000, 0x000000074d400000, 0x000000074d600000|  0%| F|  |TAMS 0x000000074d400000, 0x000000074d400000| Untracked 
|  91|0x000000074d600000, 0x000000074d600000, 0x000000074d800000|  0%| F|  |TAMS 0x000000074d600000, 0x000000074d600000| Untracked 
|  92|0x000000074d800000, 0x000000074d800000, 0x000000074da00000|  0%| F|  |TAMS 0x000000074d800000, 0x000000074d800000| Untracked 
|  93|0x000000074da00000, 0x000000074da00000, 0x000000074dc00000|  0%| F|  |TAMS 0x000000074da00000, 0x000000074da00000| Untracked 
|  94|0x000000074dc00000, 0x000000074dc00000, 0x000000074de00000|  0%| F|  |TAMS 0x000000074dc00000, 0x000000074dc00000| Untracked 
|  95|0x000000074de00000, 0x000000074de00000, 0x000000074e000000|  0%| F|  |TAMS 0x000000074de00000, 0x000000074de00000| Untracked 
|  96|0x000000074e000000, 0x000000074e000000, 0x000000074e200000|  0%| F|  |TAMS 0x000000074e000000, 0x000000074e000000| Untracked 
|  97|0x000000074e200000, 0x000000074e200000, 0x000000074e400000|  0%| F|  |TAMS 0x000000074e200000, 0x000000074e200000| Untracked 
|  98|0x000000074e400000, 0x000000074e400000, 0x000000074e600000|  0%| F|  |TAMS 0x000000074e400000, 0x000000074e400000| Untracked 
|  99|0x000000074e600000, 0x000000074e600000, 0x000000074e800000|  0%| F|  |TAMS 0x000000074e600000, 0x000000074e600000| Untracked 
| 100|0x000000074e800000, 0x000000074e800000, 0x000000074ea00000|  0%| F|  |TAMS 0x000000074e800000, 0x000000074e800000| Untracked 
| 101|0x000000074ea00000, 0x000000074ea00000, 0x000000074ec00000|  0%| F|  |TAMS 0x000000074ea00000, 0x000000074ea00000| Untracked 
| 102|0x000000074ec00000, 0x000000074ec00000, 0x000000074ee00000|  0%| F|  |TAMS 0x000000074ec00000, 0x000000074ec00000| Untracked 
| 103|0x000000074ee00000, 0x000000074ee00000, 0x000000074f000000|  0%| F|  |TAMS 0x000000074ee00000, 0x000000074ee00000| Untracked 
| 104|0x000000074f000000, 0x000000074f000000, 0x000000074f200000|  0%| F|  |TAMS 0x000000074f000000, 0x000000074f000000| Untracked 
| 105|0x000000074f200000, 0x000000074f200000, 0x000000074f400000|  0%| F|  |TAMS 0x000000074f200000, 0x000000074f200000| Untracked 
| 106|0x000000074f400000, 0x000000074f400000, 0x000000074f600000|  0%| F|  |TAMS 0x000000074f400000, 0x000000074f400000| Untracked 
| 107|0x000000074f600000, 0x000000074f600000, 0x000000074f800000|  0%| F|  |TAMS 0x000000074f600000, 0x000000074f600000| Untracked 
| 108|0x000000074f800000, 0x000000074f800000, 0x000000074fa00000|  0%| F|  |TAMS 0x000000074f800000, 0x000000074f800000| Untracked 
| 109|0x000000074fa00000, 0x000000074fa00000, 0x000000074fc00000|  0%| F|  |TAMS 0x000000074fa00000, 0x000000074fa00000| Untracked 
| 110|0x000000074fc00000, 0x000000074fc00000, 0x000000074fe00000|  0%| F|  |TAMS 0x000000074fc00000, 0x000000074fc00000| Untracked 
| 111|0x000000074fe00000, 0x000000074fe00000, 0x0000000750000000|  0%| F|  |TAMS 0x000000074fe00000, 0x000000074fe00000| Untracked 
| 112|0x0000000750000000, 0x0000000750000000, 0x0000000750200000|  0%| F|  |TAMS 0x0000000750000000, 0x0000000750000000| Untracked 
| 113|0x0000000750200000, 0x0000000750200000, 0x0000000750400000|  0%| F|  |TAMS 0x0000000750200000, 0x0000000750200000| Untracked 
| 114|0x0000000750400000, 0x0000000750400000, 0x0000000750600000|  0%| F|  |TAMS 0x0000000750400000, 0x0000000750400000| Untracked 
| 115|0x0000000750600000, 0x0000000750600000, 0x0000000750800000|  0%| F|  |TAMS 0x0000000750600000, 0x0000000750600000| Untracked 
| 116|0x0000000750800000, 0x0000000750800000, 0x0000000750a00000|  0%| F|  |TAMS 0x0000000750800000, 0x0000000750800000| Untracked 
| 117|0x0000000750a00000, 0x0000000750a00000, 0x0000000750c00000|  0%| F|  |TAMS 0x0000000750a00000, 0x0000000750a00000| Untracked 
| 118|0x0000000750c00000, 0x0000000750c00000, 0x0000000750e00000|  0%| F|  |TAMS 0x0000000750c00000, 0x0000000750c00000| Untracked 
| 119|0x0000000750e00000, 0x0000000750e00000, 0x0000000751000000|  0%| F|  |TAMS 0x0000000750e00000, 0x0000000750e00000| Untracked 
| 120|0x0000000751000000, 0x0000000751000000, 0x0000000751200000|  0%| F|  |TAMS 0x0000000751000000, 0x0000000751000000| Untracked 
| 121|0x0000000751200000, 0x0000000751200000, 0x0000000751400000|  0%| F|  |TAMS 0x0000000751200000, 0x0000000751200000| Untracked 
| 122|0x0000000751400000, 0x0000000751400000, 0x0000000751600000|  0%| F|  |TAMS 0x0000000751400000, 0x0000000751400000| Untracked 
| 123|0x0000000751600000, 0x0000000751600000, 0x0000000751800000|  0%| F|  |TAMS 0x0000000751600000, 0x0000000751600000| Untracked 
| 124|0x0000000751800000, 0x0000000751800000, 0x0000000751a00000|  0%| F|  |TAMS 0x0000000751800000, 0x0000000751800000| Untracked 
| 125|0x0000000751a00000, 0x0000000751a00000, 0x0000000751c00000|  0%| F|  |TAMS 0x0000000751a00000, 0x0000000751a00000| Untracked 
| 126|0x0000000751c00000, 0x0000000751c00000, 0x0000000751e00000|  0%| F|  |TAMS 0x0000000751c00000, 0x0000000751c00000| Untracked 
| 127|0x0000000751e00000, 0x0000000751e00000, 0x0000000752000000|  0%| F|  |TAMS 0x0000000751e00000, 0x0000000751e00000| Untracked 
| 128|0x0000000752000000, 0x0000000752000000, 0x0000000752200000|  0%| F|  |TAMS 0x0000000752000000, 0x0000000752000000| Untracked 
| 129|0x0000000752200000, 0x0000000752200000, 0x0000000752400000|  0%| F|  |TAMS 0x0000000752200000, 0x0000000752200000| Untracked 
| 130|0x0000000752400000, 0x0000000752400000, 0x0000000752600000|  0%| F|  |TAMS 0x0000000752400000, 0x0000000752400000| Untracked 
| 131|0x0000000752600000, 0x0000000752600000, 0x0000000752800000|  0%| F|  |TAMS 0x0000000752600000, 0x0000000752600000| Untracked 
| 132|0x0000000752800000, 0x0000000752800000, 0x0000000752a00000|  0%| F|  |TAMS 0x0000000752800000, 0x0000000752800000| Untracked 
| 133|0x0000000752a00000, 0x0000000752a00000, 0x0000000752c00000|  0%| F|  |TAMS 0x0000000752a00000, 0x0000000752a00000| Untracked 
| 134|0x0000000752c00000, 0x0000000752c00000, 0x0000000752e00000|  0%| F|  |TAMS 0x0000000752c00000, 0x0000000752c00000| Untracked 
| 135|0x0000000752e00000, 0x0000000752e00000, 0x0000000753000000|  0%| F|  |TAMS 0x0000000752e00000, 0x0000000752e00000| Untracked 
| 136|0x0000000753000000, 0x0000000753000000, 0x0000000753200000|  0%| F|  |TAMS 0x0000000753000000, 0x0000000753000000| Untracked 
| 137|0x0000000753200000, 0x0000000753200000, 0x0000000753400000|  0%| F|  |TAMS 0x0000000753200000, 0x0000000753200000| Untracked 
| 138|0x0000000753400000, 0x0000000753400000, 0x0000000753600000|  0%| F|  |TAMS 0x0000000753400000, 0x0000000753400000| Untracked 
| 139|0x0000000753600000, 0x0000000753600000, 0x0000000753800000|  0%| F|  |TAMS 0x0000000753600000, 0x0000000753600000| Untracked 
| 140|0x0000000753800000, 0x0000000753800000, 0x0000000753a00000|  0%| F|  |TAMS 0x0000000753800000, 0x0000000753800000| Untracked 
| 141|0x0000000753a00000, 0x0000000753a00000, 0x0000000753c00000|  0%| F|  |TAMS 0x0000000753a00000, 0x0000000753a00000| Untracked 
| 142|0x0000000753c00000, 0x0000000753c00000, 0x0000000753e00000|  0%| F|  |TAMS 0x0000000753c00000, 0x0000000753c00000| Untracked 
| 143|0x0000000753e00000, 0x0000000753e00000, 0x0000000754000000|  0%| F|  |TAMS 0x0000000753e00000, 0x0000000753e00000| Untracked 
| 144|0x0000000754000000, 0x0000000754000000, 0x0000000754200000|  0%| F|  |TAMS 0x0000000754000000, 0x0000000754000000| Untracked 
| 145|0x0000000754200000, 0x0000000754200000, 0x0000000754400000|  0%| F|  |TAMS 0x0000000754200000, 0x0000000754200000| Untracked 
| 146|0x0000000754400000, 0x0000000754400000, 0x0000000754600000|  0%| F|  |TAMS 0x0000000754400000, 0x0000000754400000| Untracked 
| 147|0x0000000754600000, 0x0000000754600000, 0x0000000754800000|  0%| F|  |TAMS 0x0000000754600000, 0x0000000754600000| Untracked 
| 148|0x0000000754800000, 0x0000000754800000, 0x0000000754a00000|  0%| F|  |TAMS 0x0000000754800000, 0x0000000754800000| Untracked 
| 149|0x0000000754a00000, 0x0000000754a00000, 0x0000000754c00000|  0%| F|  |TAMS 0x0000000754a00000, 0x0000000754a00000| Untracked 
| 150|0x0000000754c00000, 0x0000000754c00000, 0x0000000754e00000|  0%| F|  |TAMS 0x0000000754c00000, 0x0000000754c00000| Untracked 
| 151|0x0000000754e00000, 0x0000000754e00000, 0x0000000755000000|  0%| F|  |TAMS 0x0000000754e00000, 0x0000000754e00000| Untracked 
| 152|0x0000000755000000, 0x0000000755000000, 0x0000000755200000|  0%| F|  |TAMS 0x0000000755000000, 0x0000000755000000| Untracked 
| 153|0x0000000755200000, 0x0000000755200000, 0x0000000755400000|  0%| F|  |TAMS 0x0000000755200000, 0x0000000755200000| Untracked 
| 154|0x0000000755400000, 0x0000000755400000, 0x0000000755600000|  0%| F|  |TAMS 0x0000000755400000, 0x0000000755400000| Untracked 
| 155|0x0000000755600000, 0x0000000755600000, 0x0000000755800000|  0%| F|  |TAMS 0x0000000755600000, 0x0000000755600000| Untracked 
| 156|0x0000000755800000, 0x0000000755800000, 0x0000000755a00000|  0%| F|  |TAMS 0x0000000755800000, 0x0000000755800000| Untracked 
| 157|0x0000000755a00000, 0x0000000755a00000, 0x0000000755c00000|  0%| F|  |TAMS 0x0000000755a00000, 0x0000000755a00000| Untracked 
| 158|0x0000000755c00000, 0x0000000755c00000, 0x0000000755e00000|  0%| F|  |TAMS 0x0000000755c00000, 0x0000000755c00000| Untracked 
| 159|0x0000000755e00000, 0x0000000756000000, 0x0000000756000000|100%| S|CS|TAMS 0x0000000755e00000, 0x0000000755e00000| Complete 
| 160|0x0000000756000000, 0x0000000756200000, 0x0000000756200000|100%| S|CS|TAMS 0x0000000756000000, 0x0000000756000000| Complete 
| 161|0x0000000756200000, 0x0000000756200000, 0x0000000756400000|  0%| F|  |TAMS 0x0000000756200000, 0x0000000756200000| Untracked 
| 162|0x0000000756400000, 0x0000000756400000, 0x0000000756600000|  0%| F|  |TAMS 0x0000000756400000, 0x0000000756400000| Untracked 
| 163|0x0000000756600000, 0x0000000756600000, 0x0000000756800000|  0%| F|  |TAMS 0x0000000756600000, 0x0000000756600000| Untracked 
| 164|0x0000000756800000, 0x0000000756800000, 0x0000000756a00000|  0%| F|  |TAMS 0x0000000756800000, 0x0000000756800000| Untracked 
| 165|0x0000000756a00000, 0x0000000756a00000, 0x0000000756c00000|  0%| F|  |TAMS 0x0000000756a00000, 0x0000000756a00000| Untracked 
| 166|0x0000000756c00000, 0x0000000756c00000, 0x0000000756e00000|  0%| F|  |TAMS 0x0000000756c00000, 0x0000000756c00000| Untracked 
| 167|0x0000000756e00000, 0x0000000756e00000, 0x0000000757000000|  0%| F|  |TAMS 0x0000000756e00000, 0x0000000756e00000| Untracked 
| 168|0x0000000757000000, 0x0000000757000000, 0x0000000757200000|  0%| F|  |TAMS 0x0000000757000000, 0x0000000757000000| Untracked 
| 169|0x0000000757200000, 0x0000000757200000, 0x0000000757400000|  0%| F|  |TAMS 0x0000000757200000, 0x0000000757200000| Untracked 
| 170|0x0000000757400000, 0x0000000757400000, 0x0000000757600000|  0%| F|  |TAMS 0x0000000757400000, 0x0000000757400000| Untracked 
| 171|0x0000000757600000, 0x0000000757600000, 0x0000000757800000|  0%| F|  |TAMS 0x0000000757600000, 0x0000000757600000| Untracked 
| 172|0x0000000757800000, 0x0000000757800000, 0x0000000757a00000|  0%| F|  |TAMS 0x0000000757800000, 0x0000000757800000| Untracked 
| 173|0x0000000757a00000, 0x0000000757a00000, 0x0000000757c00000|  0%| F|  |TAMS 0x0000000757a00000, 0x0000000757a00000| Untracked 
| 174|0x0000000757c00000, 0x0000000757c00000, 0x0000000757e00000|  0%| F|  |TAMS 0x0000000757c00000, 0x0000000757c00000| Untracked 
| 175|0x0000000757e00000, 0x0000000757e00000, 0x0000000758000000|  0%| F|  |TAMS 0x0000000757e00000, 0x0000000757e00000| Untracked 
| 176|0x0000000758000000, 0x0000000758000000, 0x0000000758200000|  0%| F|  |TAMS 0x0000000758000000, 0x0000000758000000| Untracked 

Card table byte_map: [0x000001ffe6720000,0x000001ffe6d10000] _byte_map_base: 0x000001ffe2d10000

Marking Bits (Prev, Next): (CMBitMap*) 0x000001ffcf967230, (CMBitMap*) 0x000001ffcf967270
 Prev Bits: [0x000001ffe7300000, 0x000001ffea280000)
 Next Bits: [0x000001ffea280000, 0x000001ffed200000)

Polling page: 0x000001ffcd930000

Metaspace:

Usage:
  Non-class:    149.27 KB used.
      Class:      3.65 KB used.
       Both:    152.92 KB used.

Virtual space:
  Non-class space:        8.00 MB reserved,     256.00 KB (  3%) committed,  1 nodes.
      Class space:        1.00 GB reserved,     128.00 KB ( <1%) committed,  1 nodes.
             Both:        1.01 GB reserved,     384.00 KB ( <1%) committed. 

Chunk freelists:
   Non-Class:  4.00 MB
       Class:  3.75 MB
        Both:  7.74 MB

MaxMetaspaceSize: unlimited
CompressedClassSpaceSize: 1.00 GB
Initial GC threshold: 21.00 MB
Current GC threshold: 21.00 MB
CDS: on
MetaspaceReclaimPolicy: balanced
 - commit_granule_bytes: 65536.
 - commit_granule_words: 8192.
 - virtual_space_node_default_size: 1048576.
 - enlarge_chunks_in_place: 1.
 - new_chunks_are_fully_committed: 0.
 - uncommit_free_chunks: 1.
 - use_allocation_guard: 0.
 - handle_deallocations: 1.


Internal statistics:

num_allocs_failed_limit: 0.
num_arena_births: 4.
num_arena_deaths: 0.
num_vsnodes_births: 2.
num_vsnodes_deaths: 0.
num_space_committed: 6.
num_space_uncommitted: 0.
num_chunks_returned_to_freelist: 0.
num_chunks_taken_from_freelist: 5.
num_chunk_merges: 0.
num_chunk_splits: 2.
num_chunks_enlarged: 0.
num_purges: 0.
num_inconsistent_stats: 0.

CodeHeap 'non-profiled nmethods': size=120000Kb used=33Kb max_used=33Kb free=119966Kb
 bounds [0x000001ffdec00000, 0x000001ffdee70000, 0x000001ffe6130000]
CodeHeap 'profiled nmethods': size=120000Kb used=145Kb max_used=145Kb free=119854Kb
 bounds [0x000001ffd76d0000, 0x000001ffd7940000, 0x000001ffdec00000]
CodeHeap 'non-nmethods': size=5760Kb used=1032Kb max_used=1052Kb free=4727Kb
 bounds [0x000001ffd7130000, 0x000001ffd73a0000, 0x000001ffd76d0000]
 total_blobs=384 nmethods=97 adapters=200
 compilation: enabled
              stopped_count=0, restarted_count=0
 full_count=0

Compilation events (20 events):
Event: 1.353 Thread 0x000001ffef7172f0   88       3       java.util.TreeMap::fixAfterInsertion (267 bytes)
Event: 1.357 Thread 0x000001ffef7172f0 nmethod 88 0x000001ffd76ed490 code [0x000001ffd76ed940, 0x000001ffd76f0078]
Event: 1.360 Thread 0x000001ffef6abf00   89       4       java.util.TreeMap::put (221 bytes)
Event: 1.436 Thread 0x000001ffef6abf00 nmethod 89 0x000001ffdec04110 code [0x000001ffdec042c0, 0x000001ffdec04e98]
Event: 1.437 Thread 0x000001ffef6abf00   91       4       java.util.TreeMap::fixAfterInsertion (267 bytes)
Event: 1.437 Thread 0x000001fff025b260   90       4       java.util.TreeMap::addEntry (59 bytes)
Event: 1.476 Thread 0x000001ffef6abf00 nmethod 91 0x000001ffdec05390 code [0x000001ffdec05520, 0x000001ffdec05dd8]
Event: 1.476 Thread 0x000001ffef6abf00   92       4       java.lang.Integer::valueOf (32 bytes)
Event: 1.477 Thread 0x000001ffef6abf00 nmethod 92 0x000001ffdec06010 code [0x000001ffdec061a0, 0x000001ffdec06298]
Event: 1.477 Thread 0x000001ffef6abf00   93       4       java.util.TreeSet::add (22 bytes)
Event: 1.479 Thread 0x000001ffef6abf00 nmethod 93 0x000001ffdec06390 code [0x000001ffdec06520, 0x000001ffdec06628]
Event: 1.479 Thread 0x000001ffef6abf00   94       4       java.util.TreeMap::rotateLeft (96 bytes)
Event: 1.489 Thread 0x000001fff025b260 nmethod 90 0x000001ffdec06790 code [0x000001ffdec06920, 0x000001ffdec073d8]
Event: 1.515 Thread 0x000001ffef6abf00 nmethod 94 0x000001ffdec07690 code [0x000001ffdec07800, 0x000001ffdec07f78]
Event: 1.549 Thread 0x000001ffef7172f0   95 %     3       collection.SortElement_usingTreeSet::main @ 14 (68 bytes)
Event: 1.551 Thread 0x000001ffef7172f0 nmethod 95% 0x000001ffd76f0c90 code [0x000001ffd76f0fe0, 0x000001ffd76f2278]
Event: 1.551 Thread 0x000001ffef7172f0   96       3       collection.SortElement_usingTreeSet::main (68 bytes)
Event: 1.553 Thread 0x000001ffef7172f0 nmethod 96 0x000001ffd76f2a90 code [0x000001ffd76f2de0, 0x000001ffd76f4018]
Event: 1.619 Thread 0x000001fff025b260   97 %     4       collection.SortElement_usingTreeSet::main @ 14 (68 bytes)
Event: 1.624 Thread 0x000001fff025b260 nmethod 97% 0x000001ffdec08090 code [0x000001ffdec08220, 0x000001ffdec08428]

GC Heap History (17 events):
Event: 1.745 GC heap before
{Heap before GC invocations=0 (full 0):
 garbage-first heap   total 194560K, used 12288K [0x0000000742000000, 0x0000000800000000)
  region size 2048K, 6 young (12288K), 0 survivors (0K)
 Metaspace       used 152K, committed 384K, reserved 1056768K
  class space    used 3K, committed 128K, reserved 1048576K
}
Event: 2.173 GC heap after
{Heap after GC invocations=1 (full 0):
 garbage-first heap   total 194560K, used 11704K [0x0000000742000000, 0x0000000800000000)
  region size 2048K, 1 young (2048K), 1 survivors (2048K)
 Metaspace       used 152K, committed 384K, reserved 1056768K
  class space    used 3K, committed 128K, reserved 1048576K
}
Event: 3.724 GC heap before
{Heap before GC invocations=1 (full 0):
 garbage-first heap   total 194560K, used 17848K [0x0000000742000000, 0x0000000800000000)
  region size 2048K, 4 young (8192K), 1 survivors (2048K)
 Metaspace       used 152K, committed 384K, reserved 1056768K
  class space    used 3K, committed 128K, reserved 1048576K
}
Event: 3.745 GC heap after
{Heap after GC invocations=2 (full 0):
 garbage-first heap   total 194560K, used 18432K [0x0000000742000000, 0x0000000800000000)
  region size 2048K, 1 young (2048K), 1 survivors (2048K)
 Metaspace       used 152K, committed 384K, reserved 1056768K
  class space    used 3K, committed 128K, reserved 1048576K
}
Event: 4.168 GC heap before
{Heap before GC invocations=2 (full 0):
 garbage-first heap   total 194560K, used 24576K [0x0000000742000000, 0x0000000800000000)
  region size 2048K, 4 young (8192K), 1 survivors (2048K)
 Metaspace       used 152K, committed 384K, reserved 1056768K
  class space    used 3K, committed 128K, reserved 1048576K
}
Event: 4.182 GC heap after
{Heap after GC invocations=3 (full 0):
 garbage-first heap   total 194560K, used 25275K [0x0000000742000000, 0x0000000800000000)
  region size 2048K, 1 young (2048K), 1 survivors (2048K)
 Metaspace       used 152K, committed 384K, reserved 1056768K
  class space    used 3K, committed 128K, reserved 1048576K
}
Event: 4.528 GC heap before
{Heap before GC invocations=3 (full 0):
 garbage-first heap   total 194560K, used 31419K [0x0000000742000000, 0x0000000800000000)
  region size 2048K, 4 young (8192K), 1 survivors (2048K)
 Metaspace       used 152K, committed 384K, reserved 1056768K
  class space    used 3K, committed 128K, reserved 1048576K
}
Event: 4.542 GC heap after
{Heap after GC invocations=4 (full 0):
 garbage-first heap   total 194560K, used 31986K [0x0000000742000000, 0x0000000800000000)
  region size 2048K, 1 young (2048K), 1 survivors (2048K)
 Metaspace       used 152K, committed 384K, reserved 1056768K
  class space    used 3K, committed 128K, reserved 1048576K
}
Event: 4.720 GC heap before
{Heap before GC invocations=4 (full 0):
 garbage-first heap   total 194560K, used 40178K [0x0000000742000000, 0x0000000800000000)
  region size 2048K, 5 young (10240K), 1 survivors (2048K)
 Metaspace       used 152K, committed 384K, reserved 1056768K
  class space    used 3K, committed 128K, reserved 1048576K
}
Event: 4.805 GC heap after
{Heap after GC invocations=5 (full 0):
 garbage-first heap   total 362496K, used 40762K [0x0000000742000000, 0x0000000800000000)
  region size 2048K, 1 young (2048K), 1 survivors (2048K)
 Metaspace       used 152K, committed 384K, reserved 1056768K
  class space    used 3K, committed 128K, reserved 1048576K
}
Event: 5.053 GC heap before
{Heap before GC invocations=5 (full 0):
 garbage-first heap   total 362496K, used 55098K [0x0000000742000000, 0x0000000800000000)
  region size 2048K, 8 young (16384K), 1 survivors (2048K)
 Metaspace       used 152K, committed 384K, reserved 1056768K
  class space    used 3K, committed 128K, reserved 1048576K
}
Event: 5.081 GC heap after
{Heap after GC invocations=6 (full 0):
 garbage-first heap   total 362496K, used 56062K [0x0000000742000000, 0x0000000800000000)
  region size 2048K, 1 young (2048K), 1 survivors (2048K)
 Metaspace       used 152K, committed 384K, reserved 1056768K
  class space    used 3K, committed 128K, reserved 1048576K
}
Event: 6.475 GC heap before
{Heap before GC invocations=6 (full 0):
 garbage-first heap   total 362496K, used 72446K [0x0000000742000000, 0x0000000800000000)
  region size 2048K, 9 young (18432K), 1 survivors (2048K)
 Metaspace       used 152K, committed 384K, reserved 1056768K
  class space    used 3K, committed 128K, reserved 1048576K
}
Event: 6.508 GC heap after
{Heap after GC invocations=7 (full 0):
 garbage-first heap   total 362496K, used 73576K [0x0000000742000000, 0x0000000800000000)
  region size 2048K, 2 young (4096K), 2 survivors (4096K)
 Metaspace       used 152K, committed 384K, reserved 1056768K
  class space    used 3K, committed 128K, reserved 1048576K
}
Event: 9.118 GC heap before
{Heap before GC invocations=7 (full 0):
 garbage-first heap   total 362496K, used 96104K [0x0000000742000000, 0x0000000800000000)
  region size 2048K, 13 young (26624K), 2 survivors (4096K)
 Metaspace       used 152K, committed 384K, reserved 1056768K
  class space    used 3K, committed 128K, reserved 1048576K
}
Event: 9.189 GC heap after
{Heap after GC invocations=8 (full 0):
 garbage-first heap   total 362496K, used 97645K [0x0000000742000000, 0x0000000800000000)
  region size 2048K, 2 young (4096K), 2 survivors (4096K)
 Metaspace       used 152K, committed 384K, reserved 1056768K
  class space    used 3K, committed 128K, reserved 1048576K
}
Event: 13.407 GC heap before
{Heap before GC invocations=8 (full 0):
 garbage-first heap   total 362496K, used 126317K [0x0000000742000000, 0x0000000800000000)
  region size 2048K, 16 young (32768K), 2 survivors (4096K)
 Metaspace       used 152K, committed 384K, reserved 1056768K
  class space    used 3K, committed 128K, reserved 1048576K
}

Deoptimization events (2 events):
Event: 1.627 Thread 0x000001ffcf9239c0 DEOPT PACKING pc=0x000001ffd76f1e33 sp=0x0000005c744ff2d0
Event: 1.627 Thread 0x000001ffcf9239c0 DEOPT UNPACKING pc=0x000001ffd7182b43 sp=0x0000005c744fe7d8 mode 0

Classes unloaded (0 events):
No events

Classes redefined (0 events):
No events

Internal exceptions (0 events):
No events

VM Operations (17 events):
Event: 1.737 Executing VM operation: G1CollectForAllocation
Event: 2.173 Executing VM operation: G1CollectForAllocation done
Event: 3.724 Executing VM operation: G1CollectForAllocation
Event: 3.745 Executing VM operation: G1CollectForAllocation done
Event: 4.168 Executing VM operation: G1CollectForAllocation
Event: 4.182 Executing VM operation: G1CollectForAllocation done
Event: 4.528 Executing VM operation: G1CollectForAllocation
Event: 4.542 Executing VM operation: G1CollectForAllocation done
Event: 4.720 Executing VM operation: G1CollectForAllocation
Event: 4.805 Executing VM operation: G1CollectForAllocation done
Event: 5.053 Executing VM operation: G1CollectForAllocation
Event: 5.081 Executing VM operation: G1CollectForAllocation done
Event: 6.475 Executing VM operation: G1CollectForAllocation
Event: 6.508 Executing VM operation: G1CollectForAllocation done
Event: 9.118 Executing VM operation: G1CollectForAllocation
Event: 9.190 Executing VM operation: G1CollectForAllocation done
Event: 13.407 Executing VM operation: G1CollectForAllocation

Events (20 events):
Event: 0.158 Loaded shared library C:\Program Files\Java\jdk-17.0.1\bin\java.dll
Event: 0.660 Loaded shared library C:\Program Files\Java\jdk-17.0.1\bin\svml.dll
Event: 0.661 Thread 0x000001ffcf9239c0 Thread added: 0x000001ffcf9239c0
Event: 0.882 Thread 0x000001ffef68d590 Thread added: 0x000001ffef68d590
Event: 0.883 Thread 0x000001ffef68efb0 Thread added: 0x000001ffef68efb0
Event: 0.905 Thread 0x000001ffef6a68b0 Thread added: 0x000001ffef6a68b0
Event: 0.905 Thread 0x000001ffef6aa190 Thread added: 0x000001ffef6aa190
Event: 0.905 Thread 0x000001ffef6aaa50 Thread added: 0x000001ffef6aaa50
Event: 0.905 Thread 0x000001ffef6ab310 Thread added: 0x000001ffef6ab310
Event: 0.905 Thread 0x000001ffef6abf00 Thread added: 0x000001ffef6abf00
Event: 1.002 Thread 0x000001ffef7172f0 Thread added: 0x000001ffef7172f0
Event: 1.041 Thread 0x000001ffef71bfc0 Thread added: 0x000001ffef71bfc0
Event: 1.162 Thread 0x000001fff01b3300 Thread added: 0x000001fff01b3300
Event: 1.165 loading class jdk/internal/loader/URLClassPath$FileLoader
Event: 1.219 loading class jdk/internal/loader/URLClassPath$FileLoader done
Event: 1.221 loading class jdk/internal/loader/URLClassPath$FileLoader$1
Event: 1.221 loading class jdk/internal/loader/URLClassPath$FileLoader$1 done
Event: 1.338 Thread 0x000001fff01bdaa0 Thread added: 0x000001fff01bdaa0
Event: 1.437 Thread 0x000001fff025b260 Thread added: 0x000001fff025b260
Event: 6.638 Thread 0x000001fff025b260 Thread exited: 0x000001fff025b260


Dynamic libraries:
0x00007ff721e90000 - 0x00007ff721ea0000 	C:\Program Files\Java\jdk-17.0.1\bin\javaw.exe
0x00007ff8fa6d0000 - 0x00007ff8fa8c8000 	C:\Windows\SYSTEM32\ntdll.dll
0x00007ff8fa1b0000 - 0x00007ff8fa26d000 	C:\Windows\System32\KERNEL32.DLL
0x00007ff8f80b0000 - 0x00007ff8f83a6000 	C:\Windows\System32\KERNELBASE.dll
0x00007ff8f8440000 - 0x00007ff8f8540000 	C:\Windows\System32\ucrtbase.dll
0x00007ff8f0e20000 - 0x00007ff8f0e38000 	C:\Program Files\Java\jdk-17.0.1\bin\jli.dll
0x00007ff8f8710000 - 0x00007ff8f87c0000 	C:\Windows\System32\ADVAPI32.dll
0x00007ff8f93e0000 - 0x00007ff8f947e000 	C:\Windows\System32\msvcrt.dll
0x00007ff8fa270000 - 0x00007ff8fa310000 	C:\Windows\System32\sechost.dll
0x00007ff8f8a00000 - 0x00007ff8f8b23000 	C:\Windows\System32\RPCRT4.dll
0x00007ff8f8590000 - 0x00007ff8f85b7000 	C:\Windows\System32\bcrypt.dll
0x00007ff8f9e10000 - 0x00007ff8f9faf000 	C:\Windows\System32\USER32.dll
0x00007ff8f86e0000 - 0x00007ff8f8702000 	C:\Windows\System32\win32u.dll
0x00007ff8fa040000 - 0x00007ff8fa06b000 	C:\Windows\System32\GDI32.dll
0x00007ff8f85c0000 - 0x00007ff8f86d7000 	C:\Windows\System32\gdi32full.dll
0x00007ff8f7fa0000 - 0x00007ff8f803d000 	C:\Windows\System32\msvcp_win.dll
0x00007ff8f0450000 - 0x00007ff8f046a000 	C:\Program Files\Java\jdk-17.0.1\bin\VCRUNTIME140.dll
0x00007ff8ecff0000 - 0x00007ff8ed28a000 	C:\Windows\WinSxS\amd64_microsoft.windows.common-controls_6595b64144ccf1df_6.0.19041.4355_none_60b8b9eb71f62e16\COMCTL32.dll
0x00007ff8f1360000 - 0x00007ff8f136a000 	C:\Windows\SYSTEM32\VERSION.dll
0x00007ff8fa010000 - 0x00007ff8fa03f000 	C:\Windows\System32\IMM32.DLL
0x00007ff8f1ec0000 - 0x00007ff8f1ecc000 	C:\Program Files\Java\jdk-17.0.1\bin\vcruntime140_1.dll
0x00007ff8d1af0000 - 0x00007ff8d1b7d000 	C:\Program Files\Java\jdk-17.0.1\bin\msvcp140.dll
0x00007ff8b2630000 - 0x00007ff8b31ee000 	C:\Program Files\Java\jdk-17.0.1\bin\server\jvm.dll
0x00007ff8fa560000 - 0x00007ff8fa568000 	C:\Windows\System32\PSAPI.DLL
0x00007ff8e28e0000 - 0x00007ff8e28e9000 	C:\Windows\SYSTEM32\WSOCK32.dll
0x00007ff8fa620000 - 0x00007ff8fa68b000 	C:\Windows\System32\WS2_32.dll
0x00007ff8ecda0000 - 0x00007ff8ecdc7000 	C:\Windows\SYSTEM32\WINMM.dll
0x00007ff8f65a0000 - 0x00007ff8f65b2000 	C:\Windows\SYSTEM32\kernel.appcore.dll
0x00007ff8f1eb0000 - 0x00007ff8f1eba000 	C:\Program Files\Java\jdk-17.0.1\bin\jimage.dll
0x00007ff8f62b0000 - 0x00007ff8f6494000 	C:\Windows\SYSTEM32\DBGHELP.DLL
0x00007ff8efcc0000 - 0x00007ff8efcf4000 	C:\Windows\SYSTEM32\dbgcore.DLL
0x00007ff8f83b0000 - 0x00007ff8f8432000 	C:\Windows\System32\bcryptPrimitives.dll
0x00007ff8ef560000 - 0x00007ff8ef585000 	C:\Program Files\Java\jdk-17.0.1\bin\java.dll
0x00007ff8d5c10000 - 0x00007ff8d5ce6000 	C:\Program Files\Java\jdk-17.0.1\bin\svml.dll
0x00007ff8f8c10000 - 0x00007ff8f937c000 	C:\Windows\System32\SHELL32.dll
0x00007ff8f5a40000 - 0x00007ff8f61dd000 	C:\Windows\SYSTEM32\windows.storage.dll
0x00007ff8f9980000 - 0x00007ff8f9cd3000 	C:\Windows\System32\combase.dll
0x00007ff8f76e0000 - 0x00007ff8f770e000 	C:\Windows\SYSTEM32\Wldp.dll
0x00007ff8f8b40000 - 0x00007ff8f8c0d000 	C:\Windows\System32\OLEAUT32.dll
0x00007ff8fa570000 - 0x00007ff8fa61d000 	C:\Windows\System32\SHCORE.dll
0x00007ff8f9380000 - 0x00007ff8f93d5000 	C:\Windows\System32\shlwapi.dll
0x00007ff8f7cc0000 - 0x00007ff8f7ce4000 	C:\Windows\SYSTEM32\profapi.dll

dbghelp: loaded successfully - version: 4.0.5 - missing functions: none
symbol engine: initialized successfully - sym options: 0x614 - pdb path: .;C:\Program Files\Java\jdk-17.0.1\bin;C:\Windows\SYSTEM32;C:\Windows\WinSxS\amd64_microsoft.windows.common-controls_6595b64144ccf1df_6.0.19041.4355_none_60b8b9eb71f62e16;C:\Program Files\Java\jdk-17.0.1\bin\server

VM Arguments:
jvm_args: -Dfile.encoding=Cp1252 -XX:+ShowCodeDetailsInExceptionMessages 
java_command: collection.SortElement_usingTreeSet
java_class_path (initial): C:\Users\Admin\eclipse-workspace\Java-Programming\Class_programs\bin
Launcher Type: SUN_STANDARD

[Global flags]
     intx CICompilerCount                          = 3                                         {product} {ergonomic}
     uint ConcGCThreads                            = 1                                         {product} {ergonomic}
     uint G1ConcRefinementThreads                  = 4                                         {product} {ergonomic}
   size_t G1HeapRegionSize                         = 2097152                                   {product} {ergonomic}
    uintx GCDrainStackTargetSize                   = 64                                        {product} {ergonomic}
   size_t InitialHeapSize                          = 199229440                                 {product} {ergonomic}
   size_t MarkStackSize                            = 4194304                                   {product} {ergonomic}
   size_t MaxHeapSize                              = 3187671040                                {product} {ergonomic}
   size_t MaxNewSize                               = 1912602624                                {product} {ergonomic}
   size_t MinHeapDeltaBytes                        = 2097152                                   {product} {ergonomic}
   size_t MinHeapSize                              = 8388608                                   {product} {ergonomic}
    uintx NonNMethodCodeHeapSize                   = 5832780                                {pd product} {ergonomic}
    uintx NonProfiledCodeHeapSize                  = 122912730                              {pd product} {ergonomic}
    uintx ProfiledCodeHeapSize                     = 122912730                              {pd product} {ergonomic}
    uintx ReservedCodeCacheSize                    = 251658240                              {pd product} {ergonomic}
     bool SegmentedCodeCache                       = true                                      {product} {ergonomic}
     bool ShowCodeDetailsInExceptionMessages       = true                                   {manageable} {command line}
   size_t SoftMaxHeapSize                          = 3187671040                             {manageable} {ergonomic}
     bool UseCompressedClassPointers               = true                           {product lp64_product} {ergonomic}
     bool UseCompressedOops                        = true                           {product lp64_product} {ergonomic}
     bool UseG1GC                                  = true                                      {product} {ergonomic}
     bool UseLargePagesIndividualAllocation        = false                                  {pd product} {ergonomic}

Logging:
Log output configuration:
 #0: stdout all=warning uptime,level,tags
 #1: stderr all=off uptime,level,tags

Environment Variables:
PATH=C:/Program Files/Java/jdk-17.0.1/bin/server;C:/Program Files/Java/jdk-17.0.1/bin;C:\Program Files (x86)\VMware\VMware Workstation\bin\;F:\oracle\product\10.2.0\db_1\bin;C:\Windows\system32;C:\Windows;C:\Windows\System32\Wbem;C:\Windows\System32\WindowsPowerShell\v1.0\;C:\Windows\System32\OpenSSH\;C:\Program Files\Java\jdk-17.0.1\bin;C:\Program Files\apache-maven-3.6.2\bin;C:\Program Files\Git\cmd;C:\Program Files\Amazon\AWSCLIV2\;C:\Program Files\TortoiseSVN\bin;C:\Program Files\VisualSVN Server\bin;C:\Program Files (x86)\Intel\Intel(R) Management Engine Components\DAL;C:\Program Files\Intel\Intel(R) Management Engine Components\DAL;C:\Program Files\nodejs\node_modules;C:\Program Files\nodejs\;C:\Users\Admin\AppData\Local\Microsoft\WindowsApps;C:\Users\Admin\AppData\Local\JetBrains\IntelliJ IDEA Community Edition 2022.1\bin;C:\Users\Admin\AppData\Roaming\npm;C:\Windows\system32;
USERNAME=Admin
OS=Windows_NT
PROCESSOR_IDENTIFIER=Intel64 Family 6 Model 78 Stepping 3, GenuineIntel



---------------  S Y S T E M  ---------------

OS:
 Windows 10 , 64 bit Build 19041 (10.0.19041.3636)
OS uptime: 2 days 10:15 hours

CPU: total 4 (initial active 4) (2 cores per cpu, 2 threads per core) family 6 model 78 stepping 3 microcode 0xf0, cx8, cmov, fxsr, ht, mmx, 3dnowpref, sse, sse2, sse3, ssse3, sse4.1, sse4.2, popcnt, lzcnt, tsc, tscinvbit, avx, avx2, aes, erms, clmul, bmi1, bmi2, adx, fma, vzeroupper, clflush, clflushopt

Memory: 4k page, system-wide physical 12153M (355M free)
TotalPageFile size 21933M (AvailPageFile size 60M)
current process WorkingSet (physical memory assigned to process): 191M, peak: 191M
current process commit charge ("private bytes"): 437M, peak: 791M

vm_info: Java HotSpot(TM) 64-Bit Server VM (17.0.1+12-LTS-39) for windows-amd64 JRE (17.0.1+12-LTS-39), built on Sep 27 2021 18:41:35 by "mach5one" with MS VC++ 16.8 (VS2019)

END.
