#
# There is insufficient memory for the Java Runtime Environment to continue.
# Native memory allocation (mmap) failed to map 199229440 bytes for G1 virtual space
# Possible reasons:
#   The system is out of physical RAM or swap space
#   The process is running with CompressedOops enabled, and the Java Heap may be blocking the growth of the native heap
# Possible solutions:
#   Reduce memory load on the system
#   Increase physical memory or swap space
#   Check if swap backing store is full
#   Decrease Java heap size (-Xmx/-Xms)
#   Decrease number of Java threads
#   Decrease Java thread stack sizes (-Xss)
#   Set larger code cache with -XX:ReservedCodeCacheSize=
#   JVM is running with Zero Based Compressed Oops mode in which the Java heap is
#     placed in the first 32GB address space. The Java Heap base address is the
#     maximum limit for the native heap growth. Please use -XX:HeapBaseMinAddress
#     to set the Java Heap base and to place the Java Heap above 32GB virtual address.
# This output file may be truncated or incomplete.
#
#  Out of Memory Error (os_windows.cpp:3469), pid=15904, tid=9404
#
# JRE version:  (17.0.1+12) (build )
# Java VM: Java HotSpot(TM) 64-Bit Server VM (17.0.1+12-LTS-39, mixed mode, sharing, tiered, compressed oops, compressed class ptrs, g1 gc, windows-amd64)
# No core dump will be written. Minidumps are not enabled by default on client versions of Windows
#

---------------  S U M M A R Y ------------

Command Line: -Dfile.encoding=Cp1252 -XX:+ShowCodeDetailsInExceptionMessages collection.SortElement_usingTreeSet

Host: Intel(R) Core(TM) i3-6006U CPU @ 2.00GHz, 4 cores, 11G,  Windows 10 , 64 bit Build 19041 (10.0.19041.3636)
Time: Tue Jul  2 10:11:37 2024 India Standard Time elapsed time: 5.310057 seconds (0d 0h 0m 5s)

---------------  T H R E A D  ---------------

Current thread (0x00000213829539c0):  JavaThread "Unknown thread" [_thread_in_vm, id=9404, stack(0x000000ef6c200000,0x000000ef6c300000)]

Stack: [0x000000ef6c200000,0x000000ef6c300000]
Native frames: (J=compiled Java code, j=interpreted, Vv=VM code, C=native code)
V  [jvm.dll+0x66fa1a]
V  [jvm.dll+0x7ce5a4]
V  [jvm.dll+0x7cfd4e]
V  [jvm.dll+0x7d03b3]
V  [jvm.dll+0x242b05]
V  [jvm.dll+0x66ca39]
V  [jvm.dll+0x661502]
V  [jvm.dll+0x30081b]
V  [jvm.dll+0x307da6]
V  [jvm.dll+0x357a1e]
V  [jvm.dll+0x357c4f]
V  [jvm.dll+0x2d7ad8]
V  [jvm.dll+0x2d8a44]
V  [jvm.dll+0x7a01e1]
V  [jvm.dll+0x365791]
V  [jvm.dll+0x77f6cc]
V  [jvm.dll+0x3e812f]
V  [jvm.dll+0x3e9bd1]
C  [jli.dll+0x527b]
C  [ucrtbase.dll+0x21bb2]
C  [KERNEL32.DLL+0x17344]
C  [ntdll.dll+0x4cc91]


---------------  P R O C E S S  ---------------

Threads class SMR info:
_java_thread_list=0x00007ff8b30c7818, length=0, elements={
}

Java Threads: ( => current thread )

Other Threads:
  0x0000021382995d00 GCTaskThread "GC Thread#0" [stack: 0x000000ef6c300000,0x000000ef6c400000] [id=7076]
  0x00000213829a3960 ConcurrentGCThread "G1 Main Marker" [stack: 0x000000ef6c400000,0x000000ef6c500000] [id=13092]
  0x00000213829a4b60 ConcurrentGCThread "G1 Conc#0" [stack: 0x000000ef6c500000,0x000000ef6c600000] [id=6792]

[error occurred during error reporting (printing all threads), id 0xc0000005, EXCEPTION_ACCESS_VIOLATION (0xc0000005) at pc=0x00007ff8b29184b7]

VM state: not at safepoint (not fully initialized)

VM Mutex/Monitor currently owned by a thread:  ([mutex/lock_event])
[0x000002138294f7b0] Heap_lock - owner thread: 0x00000213829539c0

Heap address: 0x0000000742000000, size: 3040 MB, Compressed Oops mode: Zero based, Oop shift amount: 3

CDS archive(s) mapped at: [0x0000000000000000-0x0000000000000000-0x0000000000000000), size 0, SharedBaseAddress: 0x0000000800000000, ArchiveRelocationMode: 0.
Narrow klass base: 0x0000000000000000, Narrow klass shift: 0, Narrow klass range: 0x0

GC Precious Log:
<Empty>

Heap:
 garbage-first heap   total 0K, used 0K [0x0000000742000000, 0x0000000800000000)
  region size 2048K, 0 young (0K), 0 survivors (0K)

[error occurred during error reporting (printing heap information), id 0xc0000005, EXCEPTION_ACCESS_VIOLATION (0xc0000005) at pc=0x00007ff8b2cf8d89]

GC Heap History (0 events):
No events

Deoptimization events (0 events):
No events

Classes unloaded (0 events):
No events

Classes redefined (0 events):
No events

Internal exceptions (0 events):
No events

VM Operations (0 events):
No events

Events (1 events):
Event: 0.141 Loaded shared library C:\Program Files\Java\jdk-17.0.1\bin\java.dll


Dynamic libraries:
0x00007ff721e90000 - 0x00007ff721ea0000 	C:\Program Files\Java\jdk-17.0.1\bin\javaw.exe
0x00007ff8fa6d0000 - 0x00007ff8fa8c8000 	C:\Windows\SYSTEM32\ntdll.dll
0x00007ff8fa1b0000 - 0x00007ff8fa26d000 	C:\Windows\System32\KERNEL32.DLL
0x00007ff8f80b0000 - 0x00007ff8f83a6000 	C:\Windows\System32\KERNELBASE.dll
0x00007ff8f8440000 - 0x00007ff8f8540000 	C:\Windows\System32\ucrtbase.dll
0x00007ff8f0e20000 - 0x00007ff8f0e38000 	C:\Program Files\Java\jdk-17.0.1\bin\jli.dll
0x00007ff8f8710000 - 0x00007ff8f87c0000 	C:\Windows\System32\ADVAPI32.dll
0x00007ff8f93e0000 - 0x00007ff8f947e000 	C:\Windows\System32\msvcrt.dll
0x00007ff8fa270000 - 0x00007ff8fa310000 	C:\Windows\System32\sechost.dll
0x00007ff8f8a00000 - 0x00007ff8f8b23000 	C:\Windows\System32\RPCRT4.dll
0x00007ff8f8590000 - 0x00007ff8f85b7000 	C:\Windows\System32\bcrypt.dll
0x00007ff8f9e10000 - 0x00007ff8f9faf000 	C:\Windows\System32\USER32.dll
0x00007ff8f86e0000 - 0x00007ff8f8702000 	C:\Windows\System32\win32u.dll
0x00007ff8fa040000 - 0x00007ff8fa06b000 	C:\Windows\System32\GDI32.dll
0x00007ff8f85c0000 - 0x00007ff8f86d7000 	C:\Windows\System32\gdi32full.dll
0x00007ff8f7fa0000 - 0x00007ff8f803d000 	C:\Windows\System32\msvcp_win.dll
0x00007ff8f0450000 - 0x00007ff8f046a000 	C:\Program Files\Java\jdk-17.0.1\bin\VCRUNTIME140.dll
0x00007ff8ecff0000 - 0x00007ff8ed28a000 	C:\Windows\WinSxS\amd64_microsoft.windows.common-controls_6595b64144ccf1df_6.0.19041.4355_none_60b8b9eb71f62e16\COMCTL32.dll
0x00007ff8f1360000 - 0x00007ff8f136a000 	C:\Windows\SYSTEM32\VERSION.dll
0x00007ff8fa010000 - 0x00007ff8fa03f000 	C:\Windows\System32\IMM32.DLL
0x00007ff8f1ec0000 - 0x00007ff8f1ecc000 	C:\Program Files\Java\jdk-17.0.1\bin\vcruntime140_1.dll
0x00007ff8d1af0000 - 0x00007ff8d1b7d000 	C:\Program Files\Java\jdk-17.0.1\bin\msvcp140.dll
0x00007ff8b2630000 - 0x00007ff8b31ee000 	C:\Program Files\Java\jdk-17.0.1\bin\server\jvm.dll
0x00007ff8fa560000 - 0x00007ff8fa568000 	C:\Windows\System32\PSAPI.DLL
0x00007ff8e28e0000 - 0x00007ff8e28e9000 	C:\Windows\SYSTEM32\WSOCK32.dll
0x00007ff8fa620000 - 0x00007ff8fa68b000 	C:\Windows\System32\WS2_32.dll
0x00007ff8ecda0000 - 0x00007ff8ecdc7000 	C:\Windows\SYSTEM32\WINMM.dll
0x00007ff8f65a0000 - 0x00007ff8f65b2000 	C:\Windows\SYSTEM32\kernel.appcore.dll
0x00007ff8f1eb0000 - 0x00007ff8f1eba000 	C:\Program Files\Java\jdk-17.0.1\bin\jimage.dll
0x00007ff8f62b0000 - 0x00007ff8f6494000 	C:\Windows\SYSTEM32\DBGHELP.DLL
0x00007ff8efcc0000 - 0x00007ff8efcf4000 	C:\Windows\SYSTEM32\dbgcore.DLL
0x00007ff8f83b0000 - 0x00007ff8f8432000 	C:\Windows\System32\bcryptPrimitives.dll
0x00007ff8ef560000 - 0x00007ff8ef585000 	C:\Program Files\Java\jdk-17.0.1\bin\java.dll

dbghelp: loaded successfully - version: 4.0.5 - missing functions: none
symbol engine: initialized successfully - sym options: 0x614 - pdb path: .;C:\Program Files\Java\jdk-17.0.1\bin;C:\Windows\SYSTEM32;C:\Windows\WinSxS\amd64_microsoft.windows.common-controls_6595b64144ccf1df_6.0.19041.4355_none_60b8b9eb71f62e16;C:\Program Files\Java\jdk-17.0.1\bin\server

VM Arguments:
jvm_args: -Dfile.encoding=Cp1252 -XX:+ShowCodeDetailsInExceptionMessages 
java_command: collection.SortElement_usingTreeSet
java_class_path (initial): C:\Users\Admin\eclipse-workspace\Java-Programming\Class_programs\bin
Launcher Type: SUN_STANDARD

[Global flags]
     intx CICompilerCount                          = 3                                         {product} {ergonomic}
     uint ConcGCThreads                            = 1                                         {product} {ergonomic}
     uint G1ConcRefinementThreads                  = 4                                         {product} {ergonomic}
   size_t G1HeapRegionSize                         = 2097152                                   {product} {ergonomic}
    uintx GCDrainStackTargetSize                   = 64                                        {product} {ergonomic}
   size_t InitialHeapSize                          = 199229440                                 {product} {ergonomic}
   size_t MarkStackSize                            = 4194304                                   {product} {ergonomic}
   size_t MaxHeapSize                              = 3187671040                                {product} {ergonomic}
   size_t MinHeapDeltaBytes                        = 2097152                                   {product} {ergonomic}
   size_t MinHeapSize                              = 8388608                                   {product} {ergonomic}
    uintx NonNMethodCodeHeapSize                   = 5832780                                {pd product} {ergonomic}
    uintx NonProfiledCodeHeapSize                  = 122912730                              {pd product} {ergonomic}
    uintx ProfiledCodeHeapSize                     = 122912730                              {pd product} {ergonomic}
    uintx ReservedCodeCacheSize                    = 251658240                              {pd product} {ergonomic}
     bool SegmentedCodeCache                       = true                                      {product} {ergonomic}
     bool ShowCodeDetailsInExceptionMessages       = true                                   {manageable} {command line}
   size_t SoftMaxHeapSize                          = 3187671040                             {manageable} {ergonomic}
     bool UseCompressedClassPointers               = true                           {product lp64_product} {ergonomic}
     bool UseCompressedOops                        = true                           {product lp64_product} {ergonomic}
     bool UseG1GC                                  = true                                      {product} {ergonomic}
     bool UseLargePagesIndividualAllocation        = false                                  {pd product} {ergonomic}

Logging:
Log output configuration:
 #0: stdout all=warning uptime,level,tags
 #1: stderr all=off uptime,level,tags

Environment Variables:
PATH=C:/Program Files/Java/jdk-17.0.1/bin/server;C:/Program Files/Java/jdk-17.0.1/bin;C:\Program Files (x86)\VMware\VMware Workstation\bin\;F:\oracle\product\10.2.0\db_1\bin;C:\Windows\system32;C:\Windows;C:\Windows\System32\Wbem;C:\Windows\System32\WindowsPowerShell\v1.0\;C:\Windows\System32\OpenSSH\;C:\Program Files\Java\jdk-17.0.1\bin;C:\Program Files\apache-maven-3.6.2\bin;C:\Program Files\Git\cmd;C:\Program Files\Amazon\AWSCLIV2\;C:\Program Files\TortoiseSVN\bin;C:\Program Files\VisualSVN Server\bin;C:\Program Files (x86)\Intel\Intel(R) Management Engine Components\DAL;C:\Program Files\Intel\Intel(R) Management Engine Components\DAL;C:\Program Files\nodejs\node_modules;C:\Program Files\nodejs\;C:\Users\Admin\AppData\Local\Microsoft\WindowsApps;C:\Users\Admin\AppData\Local\JetBrains\IntelliJ IDEA Community Edition 2022.1\bin;C:\Users\Admin\AppData\Roaming\npm;C:\Windows\system32;
USERNAME=Admin
OS=Windows_NT
PROCESSOR_IDENTIFIER=Intel64 Family 6 Model 78 Stepping 3, GenuineIntel



---------------  S Y S T E M  ---------------

OS:
 Windows 10 , 64 bit Build 19041 (10.0.19041.3636)
OS uptime: 2 days 10:15 hours

CPU: total 4 (initial active 4) (2 cores per cpu, 2 threads per core) family 6 model 78 stepping 3 microcode 0xf0, cx8, cmov, fxsr, ht, mmx, 3dnowpref, sse, sse2, sse3, ssse3, sse4.1, sse4.2, popcnt, lzcnt, tsc, tscinvbit, avx, avx2, aes, erms, clmul, bmi1, bmi2, adx, fma, vzeroupper, clflush, clflushopt

Memory: 4k page, system-wide physical 12153M (454M free)
TotalPageFile size 21933M (AvailPageFile size 12M)
current process WorkingSet (physical memory assigned to process): 10M, peak: 10M
current process commit charge ("private bytes"): 51M, peak: 241M

vm_info: Java HotSpot(TM) 64-Bit Server VM (17.0.1+12-LTS-39) for windows-amd64 JRE (17.0.1+12-LTS-39), built on Sep 27 2021 18:41:35 by "mach5one" with MS VC++ 16.8 (VS2019)

END.
